

        UUUUUUU    CCCCCCCC    SSSSSSS/  FFFFFFFFF  
      UU/    UU/  CC/    CC/     SS/     FF/    FF/ 
     UU/         CCCCCCCC/      SS/     FF/    FF/  
    UU/  UUUU/  CC/ CC\        SS/     FF/    FF/   
   UU/    UU/  CC/   CC\      SS/     FF/    FF/    
   UUUUUUU/   CC/     CC\  SSSSSS/  FFFFFFFFF/      


University of California at San Francisco, DOCK 4.0.1

__________________Job_Information_________________
launch_time                    Mon Dec  6 22:43:40 2021
host_name                      x86_64-conda-linux-gnu
memory_limit                   -1
working_directory              /Share2/home/zhangqf7/yuhan/rotation_student/zhangjiasheng/Docking/RNA/temp_set/generation_grid
user_name                      zhangqf7

________________General_Parameters________________
compute_grids                  yes
grid_spacing                   0.3
output_molecule                no

________________Scoring_Parameters________________
contact_score                  no
energy_score                   yes
energy_cutoff_distance         9999
atom_model                     a
attractive_exponent            6
repulsive_exponent             12
distance_dielectric            yes
dielectric_factor              4
bump_filter                    yes
bump_overlap                   0.6

____________________File_Input____________________
receptor_file                  ../struct_file/receptor.mol2
box_file                       rec_box.pdb
vdw_definition_file            /Share2/home/zhangqf7/yuhan/6_Docking/dock6/parameters/vdw_AMBER_parm99.defn

____________________File_Output___________________
score_grid_prefix              grid



Reading in coordinates of receptor.
CHARGED RESIDUE G                       :   -0.308
CHARGED RESIDUE C                       :   -1.000
CHARGED RESIDUE G                       :   -1.000
CHARGED RESIDUE U                       :   -1.000
CHARGED RESIDUE C                       :   -1.000
CHARGED RESIDUE A                       :   -1.000
CHARGED RESIDUE C                       :   -1.000
CHARGED RESIDUE A                       :   -1.000
CHARGED RESIDUE C                       :   -1.000
CHARGED RESIDUE C                       :   -1.000
CHARGED RESIDUE G                       :   -1.000
CHARGED RESIDUE G                       :   -1.000
CHARGED RESIDUE U                       :   -1.000
CHARGED RESIDUE G                       :   -1.000
CHARGED RESIDUE A                       :   -1.000
CHARGED RESIDUE A                       :   -1.000
CHARGED RESIDUE G                       :   -1.000
CHARGED RESIDUE U                       :   -1.000
CHARGED RESIDUE C                       :   -1.000
CHARGED RESIDUE G                       :   -1.000
CHARGED RESIDUE C                       :   -0.692
CHARGED RESIDUE G                       :   -0.308
CHARGED RESIDUE C                       :   -1.000
CHARGED RESIDUE G                       :   -1.000
CHARGED RESIDUE U                       :   -1.000
CHARGED RESIDUE C                       :   -1.000
CHARGED RESIDUE A                       :   -1.000
CHARGED RESIDUE C                       :   -1.000
CHARGED RESIDUE A                       :   -1.000
CHARGED RESIDUE C                       :   -1.000
CHARGED RESIDUE C                       :   -1.000
CHARGED RESIDUE G                       :   -1.000
CHARGED RESIDUE G                       :   -1.000
CHARGED RESIDUE U                       :   -1.000
CHARGED RESIDUE G                       :   -1.000
CHARGED RESIDUE A                       :   -1.000
CHARGED RESIDUE A                       :   -1.000
CHARGED RESIDUE G                       :   -1.000
CHARGED RESIDUE U                       :   -1.000
CHARGED RESIDUE C                       :   -1.000
CHARGED RESIDUE G                       :   -1.000
CHARGED RESIDUE C                       :   -0.692

Total charge on 2esj.pdb                :  -40.000

Reading in grid box information.
Box center of mass                      :   15.264   -8.992   14.958
Box dimensions                          :   27.659   36.460   31.022
Number of grid points per side [x y z]  :       94      123      105
Total number of grid points             :  1214010

Generating scoring grids.
Percent of protein atoms processed      :        0
Percent of protein atoms processed      :       10
Percent of protein atoms processed      :       20
Percent of protein atoms processed      :       30
Percent of protein atoms processed      :       40
Percent of protein atoms processed      :       50
Percent of protein atoms processed      :       60
Percent of protein atoms processed      :       70
Percent of protein atoms processed      :       80
Percent of protein atoms processed      :       90
Percent of protein atoms processed      :      100
Writing general grid info to grid.bmp
Writing bump grid to grid.bmp
Writing energy grids to grid.nrg
  Writing attractive VDW energy grid
  Writing repulsive VDW energy grid
  Writing electrostatic energy grid

Finished calculation.
